{
  "stats": {
    "suites": 2,
    "tests": 9,
    "passes": 9,
    "pending": 0,
    "failures": 0,
    "start": "2024-05-22T08:09:55.437Z",
    "end": "2024-05-22T08:10:15.417Z",
    "duration": 19980,
    "testsRegistered": 9,
    "passPercent": 100,
    "pendingPercent": 0,
    "other": 0,
    "hasOther": false,
    "skipped": 0,
    "hasSkipped": false
  },
  "results": [
    {
      "uuid": "e63b60ff-9ed8-4ead-b02c-890aff51a237",
      "title": "",
      "fullFile": "cypress/integration/CypressByRahil/test4.js",
      "file": "cypress/integration/CypressByRahil/test4.js",
      "beforeHooks": [],
      "afterHooks": [],
      "tests": [],
      "suites": [
        {
          "uuid": "672c7ce3-f146-4ffe-ad6d-8404a42b009f",
          "title": "hooks test suite",
          "fullFile": "",
          "file": "",
          "beforeHooks": [],
          "afterHooks": [],
          "tests": [
            {
              "title": "hooks test cases",
              "fullTitle": "hooks test suite hooks test cases",
              "timedOut": null,
              "duration": 508,
              "state": "passed",
              "speed": "fast",
              "pass": true,
              "fail": false,
              "pending": false,
              "context": "{\n  \"title\": \"cypress-mochawesome-reporter-videos-passed\",\n  \"value\": \"cypress/integration/CypressByRahil/test4.js\"\n}",
              "code": "// cy.visit('https://www.lambdatest.com/selenium-playground/');",
              "err": {},
              "uuid": "1096f9ee-e912-4553-af0c-f33166d1d228",
              "parentUUID": "672c7ce3-f146-4ffe-ad6d-8404a42b009f",
              "isHook": false,
              "skipped": false
            },
            {
              "title": "2",
              "fullTitle": "hooks test suite 2",
              "timedOut": null,
              "duration": 209,
              "state": "passed",
              "speed": "fast",
              "pass": true,
              "fail": false,
              "pending": false,
              "context": "{\n  \"title\": \"cypress-mochawesome-reporter-videos-passed\",\n  \"value\": \"cypress/integration/CypressByRahil/test4.js\"\n}",
              "code": "// cy.visit('https://www.lambdatest.com/selenium-playground/');",
              "err": {},
              "uuid": "a298f54d-a790-4293-a9af-0f553ae3c932",
              "parentUUID": "672c7ce3-f146-4ffe-ad6d-8404a42b009f",
              "isHook": false,
              "skipped": false
            },
            {
              "title": "3",
              "fullTitle": "hooks test suite 3",
              "timedOut": null,
              "duration": 168,
              "state": "passed",
              "speed": "fast",
              "pass": true,
              "fail": false,
              "pending": false,
              "context": "{\n  \"title\": \"cypress-mochawesome-reporter-videos-passed\",\n  \"value\": \"cypress/integration/CypressByRahil/test4.js\"\n}",
              "code": "// cy.visit('https://www.lambdatest.com/selenium-playground/');",
              "err": {},
              "uuid": "bc4b7313-09b5-4796-a2f2-1c36c4d7606d",
              "parentUUID": "672c7ce3-f146-4ffe-ad6d-8404a42b009f",
              "isHook": false,
              "skipped": false
            },
            {
              "title": "4",
              "fullTitle": "hooks test suite 4",
              "timedOut": null,
              "duration": 170,
              "state": "passed",
              "speed": "fast",
              "pass": true,
              "fail": false,
              "pending": false,
              "context": "{\n  \"title\": \"cypress-mochawesome-reporter-videos-passed\",\n  \"value\": \"cypress/integration/CypressByRahil/test4.js\"\n}",
              "code": "// cy.visit('https://www.lambdatest.com/selenium-playground/');",
              "err": {},
              "uuid": "0d6ce182-b178-477f-9192-5ba1f61ad99f",
              "parentUUID": "672c7ce3-f146-4ffe-ad6d-8404a42b009f",
              "isHook": false,
              "skipped": false
            },
            {
              "title": "5",
              "fullTitle": "hooks test suite 5",
              "timedOut": null,
              "duration": 146,
              "state": "passed",
              "speed": "fast",
              "pass": true,
              "fail": false,
              "pending": false,
              "context": "{\n  \"title\": \"cypress-mochawesome-reporter-videos-passed\",\n  \"value\": \"cypress/integration/CypressByRahil/test4.js\"\n}",
              "code": "// cy.visit('https://www.lambdatest.com/selenium-playground/');",
              "err": {},
              "uuid": "e577d98e-6d02-47c0-87c1-86ee9982e930",
              "parentUUID": "672c7ce3-f146-4ffe-ad6d-8404a42b009f",
              "isHook": false,
              "skipped": false
            },
            {
              "title": "6",
              "fullTitle": "hooks test suite 6",
              "timedOut": null,
              "duration": 184,
              "state": "passed",
              "speed": "fast",
              "pass": true,
              "fail": false,
              "pending": false,
              "context": "{\n  \"title\": \"cypress-mochawesome-reporter-videos-passed\",\n  \"value\": \"cypress/integration/CypressByRahil/test4.js\"\n}",
              "code": "// cy.visit('https://www.lambdatest.com/selenium-playground/');",
              "err": {},
              "uuid": "ca6cda3a-455e-4290-abaa-b262c24db7f0",
              "parentUUID": "672c7ce3-f146-4ffe-ad6d-8404a42b009f",
              "isHook": false,
              "skipped": false
            }
          ],
          "suites": [],
          "passes": [
            "1096f9ee-e912-4553-af0c-f33166d1d228",
            "a298f54d-a790-4293-a9af-0f553ae3c932",
            "bc4b7313-09b5-4796-a2f2-1c36c4d7606d",
            "0d6ce182-b178-477f-9192-5ba1f61ad99f",
            "e577d98e-6d02-47c0-87c1-86ee9982e930",
            "ca6cda3a-455e-4290-abaa-b262c24db7f0"
          ],
          "failures": [],
          "pending": [],
          "skipped": [],
          "duration": 1385,
          "root": false,
          "rootEmpty": false,
          "_timeout": 2000
        },
        {
          "uuid": "19e6942f-9a95-401d-8b7f-fca35222825b",
          "title": "file-upload test suite",
          "fullFile": "",
          "file": "",
          "beforeHooks": [],
          "afterHooks": [],
          "tests": [
            {
              "title": "file-upload test cases",
              "fullTitle": "file-upload test suite file-upload test cases",
              "timedOut": null,
              "duration": 1729,
              "state": "passed",
              "speed": "fast",
              "pass": true,
              "fail": false,
              "pending": false,
              "context": "{\n  \"title\": \"cypress-mochawesome-reporter-videos-passed\",\n  \"value\": \"cypress/integration/CypressByRahil/test4.js\"\n}",
              "code": "cy.visit('https://www.lambdatest.com/selenium-playground/upload-file-demo');\n// Two ways are there to upload file in cpyress i.e. selectFile() from cypress and attachFile() from npmjs\n// cy.get('#file').selectFile(Cypress.config('fileServerFolder')+ '/cypress/fixtures/upload-download.xlsx');\ncy.log(Cypress.config('fileServerFolder'));\ncy.get('#file').attachFile('upload-download.xlsx');",
              "err": {},
              "uuid": "4acd71cf-12cb-4d84-8ef4-5b9da12909c1",
              "parentUUID": "19e6942f-9a95-401d-8b7f-fca35222825b",
              "isHook": false,
              "skipped": false
            },
            {
              "title": "drag-drop test case",
              "fullTitle": "file-upload test suite drag-drop test case",
              "timedOut": null,
              "duration": 2637,
              "state": "passed",
              "speed": "fast",
              "pass": true,
              "fail": false,
              "pending": false,
              "context": "{\n  \"title\": \"cypress-mochawesome-reporter-videos-passed\",\n  \"value\": \"cypress/integration/CypressByRahil/test4.js\"\n}",
              "code": "cy.visit('https://www.lambdatest.com/selenium-playground/drag-and-drop-demo');\ncy.get('#droppable').attachFile('users.json', {\n  subjectType: 'drag-n-drop'\n});",
              "err": {},
              "uuid": "69d5e7c4-5aa3-4fcb-9764-41d4f14b779a",
              "parentUUID": "19e6942f-9a95-401d-8b7f-fca35222825b",
              "isHook": false,
              "skipped": false
            },
            {
              "title": "drag-drop test case 2",
              "fullTitle": "file-upload test suite drag-drop test case 2",
              "timedOut": null,
              "duration": 11614,
              "state": "passed",
              "speed": "slow",
              "pass": true,
              "fail": false,
              "pending": false,
              "context": "{\n  \"title\": \"cypress-mochawesome-reporter-videos-passed\",\n  \"value\": \"cypress/integration/CypressByRahil/test4.js\"\n}",
              "code": "cy.visit('https://codyhouse.co/ds/components/app/drag-drop-file');\ncy.wait(10000);\n// cy.get('#upload-file').attachFile('users.json', { subjectType: 'drag-n-drop' });",
              "err": {},
              "uuid": "a077b951-7d76-4e6d-86ba-b07b8d0bbb50",
              "parentUUID": "19e6942f-9a95-401d-8b7f-fca35222825b",
              "isHook": false,
              "skipped": false
            }
          ],
          "suites": [],
          "passes": [
            "4acd71cf-12cb-4d84-8ef4-5b9da12909c1",
            "69d5e7c4-5aa3-4fcb-9764-41d4f14b779a",
            "a077b951-7d76-4e6d-86ba-b07b8d0bbb50"
          ],
          "failures": [],
          "pending": [],
          "skipped": [],
          "duration": 15980,
          "root": false,
          "rootEmpty": false,
          "_timeout": 2000
        }
      ],
      "passes": [],
      "failures": [],
      "pending": [],
      "skipped": [],
      "duration": 0,
      "root": true,
      "rootEmpty": true,
      "_timeout": 2000
    }
  ],
  "meta": {
    "mocha": {
      "version": "7.0.1"
    },
    "mochawesome": {
      "options": {
        "quiet": false,
        "reportFilename": "mochawesome",
        "saveHtml": false,
        "saveJson": true,
        "consoleReporter": "spec",
        "useInlineDiffs": false,
        "code": true
      },
      "version": "7.1.3"
    },
    "marge": {
      "options": {
        "overwrite": false,
        "html": false,
        "json": true,
        "reportDir": "cypress/reports/html/.jsons"
      },
      "version": "6.2.0"
    }
  }
}