{
  "stats": {
    "suites": 1,
    "tests": 1,
    "passes": 1,
    "pending": 0,
    "failures": 0,
    "start": "2024-05-22T08:12:49.298Z",
    "end": "2024-05-22T08:12:51.836Z",
    "duration": 2538,
    "testsRegistered": 1,
    "passPercent": 100,
    "pendingPercent": 0,
    "other": 0,
    "hasOther": false,
    "skipped": 0,
    "hasSkipped": false
  },
  "results": [
    {
      "uuid": "fe71cd6d-6be2-4156-8af4-61637269750b",
      "title": "",
      "fullFile": "cypress/integration/examples/test7.js",
      "file": "cypress/integration/examples/test7.js",
      "beforeHooks": [],
      "afterHooks": [],
      "tests": [],
      "suites": [
        {
          "uuid": "a764e8b6-7d22-4d55-ab06-0ae69e090bf9",
          "title": "Automation Practice",
          "fullFile": "",
          "file": "",
          "beforeHooks": [],
          "afterHooks": [],
          "tests": [
            {
              "title": "Alert",
              "fullTitle": "Automation Practice Alert",
              "timedOut": null,
              "duration": 1123,
              "state": "passed",
              "speed": "fast",
              "pass": true,
              "fail": false,
              "pending": false,
              "context": "{\n  \"title\": \"cypress-mochawesome-reporter-videos-passed\",\n  \"value\": \"cypress/integration/examples/test7.js\"\n}",
              "code": "cy.viewport(1920, 1080);\ncy.visit(\"https://rahulshettyacademy.com/AutomationPractice/\");\ncy.get('#mousehover').invoke('show'); // Parent element\n// cy.wait(2000);\ncy.contains('Top').click({\n  force: true\n}); // Not recommended way\n// Note : show method of jQuery will only applied on immediate parent of hidden element as below\ncy.get('.mouse-hover-content').invoke('show');\n// cy.wait(2000);\ncy.get('a[href=\"#top\"]').click(); // Normally we do this\n// cy.contains('Top').click({force: true}); // Not recommended way\ncy.url().should('include', 'top');",
              "err": {},
              "uuid": "5d656d92-182a-4337-a82a-fb932db92926",
              "parentUUID": "a764e8b6-7d22-4d55-ab06-0ae69e090bf9",
              "isHook": false,
              "skipped": false
            }
          ],
          "suites": [],
          "passes": [
            "5d656d92-182a-4337-a82a-fb932db92926"
          ],
          "failures": [],
          "pending": [],
          "skipped": [],
          "duration": 1123,
          "root": false,
          "rootEmpty": false,
          "_timeout": 2000
        }
      ],
      "passes": [],
      "failures": [],
      "pending": [],
      "skipped": [],
      "duration": 0,
      "root": true,
      "rootEmpty": true,
      "_timeout": 2000
    }
  ],
  "meta": {
    "mocha": {
      "version": "7.0.1"
    },
    "mochawesome": {
      "options": {
        "quiet": false,
        "reportFilename": "mochawesome",
        "saveHtml": false,
        "saveJson": true,
        "consoleReporter": "spec",
        "useInlineDiffs": false,
        "code": true
      },
      "version": "7.1.3"
    },
    "marge": {
      "options": {
        "overwrite": false,
        "html": false,
        "json": true,
        "reportDir": "cypress/reports/html/.jsons"
      },
      "version": "6.2.0"
    }
  }
}