{
  "stats": {
    "suites": 2,
    "tests": 9,
    "passes": 9,
    "pending": 0,
    "failures": 0,
    "start": "2024-05-22T07:06:41.745Z",
    "end": "2024-05-22T07:07:04.182Z",
    "duration": 22437,
    "testsRegistered": 9,
    "passPercent": 100,
    "pendingPercent": 0,
    "other": 0,
    "hasOther": false,
    "skipped": 0,
    "hasSkipped": false
  },
  "results": [
    {
      "uuid": "c0edebe5-0906-46d9-aab9-a8be143d3b00",
      "title": "",
      "fullFile": "cypress/integration/CypressByRahil/test4.js",
      "file": "cypress/integration/CypressByRahil/test4.js",
      "beforeHooks": [],
      "afterHooks": [],
      "tests": [],
      "suites": [
        {
          "uuid": "bf9fb7f4-d806-4c43-8016-3f3d6c5d5ca5",
          "title": "hooks test suite",
          "fullFile": "",
          "file": "",
          "beforeHooks": [],
          "afterHooks": [],
          "tests": [
            {
              "title": "hooks test cases",
              "fullTitle": "hooks test suite hooks test cases",
              "timedOut": null,
              "duration": 476,
              "state": "passed",
              "speed": "fast",
              "pass": true,
              "fail": false,
              "pending": false,
              "context": null,
              "code": "// cy.visit('https://www.lambdatest.com/selenium-playground/');",
              "err": {},
              "uuid": "44899bf7-068e-4f3e-a9dc-0685b58b9562",
              "parentUUID": "bf9fb7f4-d806-4c43-8016-3f3d6c5d5ca5",
              "isHook": false,
              "skipped": false
            },
            {
              "title": "2",
              "fullTitle": "hooks test suite 2",
              "timedOut": null,
              "duration": 368,
              "state": "passed",
              "speed": "fast",
              "pass": true,
              "fail": false,
              "pending": false,
              "context": null,
              "code": "// cy.visit('https://www.lambdatest.com/selenium-playground/');",
              "err": {},
              "uuid": "32fee88e-2d4c-44d8-9823-b31af64fa658",
              "parentUUID": "bf9fb7f4-d806-4c43-8016-3f3d6c5d5ca5",
              "isHook": false,
              "skipped": false
            },
            {
              "title": "3",
              "fullTitle": "hooks test suite 3",
              "timedOut": null,
              "duration": 312,
              "state": "passed",
              "speed": "fast",
              "pass": true,
              "fail": false,
              "pending": false,
              "context": null,
              "code": "// cy.visit('https://www.lambdatest.com/selenium-playground/');",
              "err": {},
              "uuid": "5265f1f2-c5ad-48ae-8654-f6eb064327a5",
              "parentUUID": "bf9fb7f4-d806-4c43-8016-3f3d6c5d5ca5",
              "isHook": false,
              "skipped": false
            },
            {
              "title": "4",
              "fullTitle": "hooks test suite 4",
              "timedOut": null,
              "duration": 356,
              "state": "passed",
              "speed": "fast",
              "pass": true,
              "fail": false,
              "pending": false,
              "context": null,
              "code": "// cy.visit('https://www.lambdatest.com/selenium-playground/');",
              "err": {},
              "uuid": "b3f3ec1d-336f-443e-8cbb-18ae6d540c43",
              "parentUUID": "bf9fb7f4-d806-4c43-8016-3f3d6c5d5ca5",
              "isHook": false,
              "skipped": false
            },
            {
              "title": "5",
              "fullTitle": "hooks test suite 5",
              "timedOut": null,
              "duration": 356,
              "state": "passed",
              "speed": "fast",
              "pass": true,
              "fail": false,
              "pending": false,
              "context": null,
              "code": "// cy.visit('https://www.lambdatest.com/selenium-playground/');",
              "err": {},
              "uuid": "a301117d-1c27-4b55-98e5-5c392cb4dcf2",
              "parentUUID": "bf9fb7f4-d806-4c43-8016-3f3d6c5d5ca5",
              "isHook": false,
              "skipped": false
            },
            {
              "title": "6",
              "fullTitle": "hooks test suite 6",
              "timedOut": null,
              "duration": 323,
              "state": "passed",
              "speed": "fast",
              "pass": true,
              "fail": false,
              "pending": false,
              "context": null,
              "code": "// cy.visit('https://www.lambdatest.com/selenium-playground/');",
              "err": {},
              "uuid": "2e50927b-b291-4872-8aef-949c3dbc0480",
              "parentUUID": "bf9fb7f4-d806-4c43-8016-3f3d6c5d5ca5",
              "isHook": false,
              "skipped": false
            }
          ],
          "suites": [],
          "passes": [
            "44899bf7-068e-4f3e-a9dc-0685b58b9562",
            "32fee88e-2d4c-44d8-9823-b31af64fa658",
            "5265f1f2-c5ad-48ae-8654-f6eb064327a5",
            "b3f3ec1d-336f-443e-8cbb-18ae6d540c43",
            "a301117d-1c27-4b55-98e5-5c392cb4dcf2",
            "2e50927b-b291-4872-8aef-949c3dbc0480"
          ],
          "failures": [],
          "pending": [],
          "skipped": [],
          "duration": 2191,
          "root": false,
          "rootEmpty": false,
          "_timeout": 2000
        },
        {
          "uuid": "e8be3c15-f099-49e4-b0d4-fbef8bce54e9",
          "title": "file-upload test suite",
          "fullFile": "",
          "file": "",
          "beforeHooks": [],
          "afterHooks": [],
          "tests": [
            {
              "title": "file-upload test cases",
              "fullTitle": "file-upload test suite file-upload test cases",
              "timedOut": null,
              "duration": 1505,
              "state": "passed",
              "speed": "fast",
              "pass": true,
              "fail": false,
              "pending": false,
              "context": null,
              "code": "cy.visit('https://www.lambdatest.com/selenium-playground/upload-file-demo');\n// Two ways are there to upload file in cpyress i.e. selectFile() from cypress and attachFile() from npmjs\n// cy.get('#file').selectFile(Cypress.config('fileServerFolder')+ '/cypress/fixtures/upload-download.xlsx');\ncy.log(Cypress.config('fileServerFolder'));\ncy.get('#file').attachFile('upload-download.xlsx');",
              "err": {},
              "uuid": "a2a8e131-202c-4ea9-acaf-3565db2e5ae3",
              "parentUUID": "e8be3c15-f099-49e4-b0d4-fbef8bce54e9",
              "isHook": false,
              "skipped": false
            },
            {
              "title": "drag-drop test case",
              "fullTitle": "file-upload test suite drag-drop test case",
              "timedOut": null,
              "duration": 2611,
              "state": "passed",
              "speed": "fast",
              "pass": true,
              "fail": false,
              "pending": false,
              "context": null,
              "code": "cy.visit('https://www.lambdatest.com/selenium-playground/drag-and-drop-demo');\ncy.get('#droppable').attachFile('users.json', {\n  subjectType: 'drag-n-drop'\n});",
              "err": {},
              "uuid": "83762784-9dfd-45d0-a349-28bf4d844b49",
              "parentUUID": "e8be3c15-f099-49e4-b0d4-fbef8bce54e9",
              "isHook": false,
              "skipped": false
            },
            {
              "title": "drag-drop test case 2",
              "fullTitle": "file-upload test suite drag-drop test case 2",
              "timedOut": null,
              "duration": 11798,
              "state": "passed",
              "speed": "slow",
              "pass": true,
              "fail": false,
              "pending": false,
              "context": null,
              "code": "cy.visit('https://codyhouse.co/ds/components/app/drag-drop-file');\ncy.wait(10000);\n// cy.get('#upload-file').attachFile('users.json', { subjectType: 'drag-n-drop' });",
              "err": {},
              "uuid": "a0480a40-40f7-4bc8-83ef-f0ea94439f1c",
              "parentUUID": "e8be3c15-f099-49e4-b0d4-fbef8bce54e9",
              "isHook": false,
              "skipped": false
            }
          ],
          "suites": [],
          "passes": [
            "a2a8e131-202c-4ea9-acaf-3565db2e5ae3",
            "83762784-9dfd-45d0-a349-28bf4d844b49",
            "a0480a40-40f7-4bc8-83ef-f0ea94439f1c"
          ],
          "failures": [],
          "pending": [],
          "skipped": [],
          "duration": 15914,
          "root": false,
          "rootEmpty": false,
          "_timeout": 2000
        }
      ],
      "passes": [],
      "failures": [],
      "pending": [],
      "skipped": [],
      "duration": 0,
      "root": true,
      "rootEmpty": true,
      "_timeout": 2000
    }
  ],
  "meta": {
    "mocha": {
      "version": "7.0.1"
    },
    "mochawesome": {
      "options": {
        "quiet": false,
        "reportFilename": "mochawesome",
        "saveHtml": false,
        "saveJson": true,
        "consoleReporter": "spec",
        "useInlineDiffs": false,
        "code": true
      },
      "version": "7.1.3"
    },
    "marge": {
      "options": {
        "overwrite": false,
        "html": false,
        "json": true,
        "reportDir": "cypress/reports/html/.jsons"
      },
      "version": "6.2.0"
    }
  }
}