{
  "stats": {
    "suites": 2,
    "tests": 9,
    "passes": 9,
    "pending": 0,
    "failures": 0,
    "start": "2024-05-22T08:03:51.045Z",
    "end": "2024-05-22T08:04:12.499Z",
    "duration": 21454,
    "testsRegistered": 9,
    "passPercent": 100,
    "pendingPercent": 0,
    "other": 0,
    "hasOther": false,
    "skipped": 0,
    "hasSkipped": false
  },
  "results": [
    {
      "uuid": "a724d83c-0489-4c19-b141-576a00fc353f",
      "title": "",
      "fullFile": "cypress/integration/CypressByRahil/test4.js",
      "file": "cypress/integration/CypressByRahil/test4.js",
      "beforeHooks": [],
      "afterHooks": [],
      "tests": [],
      "suites": [
        {
          "uuid": "dc10cac0-c465-4829-93f8-808c2552f9eb",
          "title": "hooks test suite",
          "fullFile": "",
          "file": "",
          "beforeHooks": [],
          "afterHooks": [],
          "tests": [
            {
              "title": "hooks test cases",
              "fullTitle": "hooks test suite hooks test cases",
              "timedOut": null,
              "duration": 668,
              "state": "passed",
              "speed": "fast",
              "pass": true,
              "fail": false,
              "pending": false,
              "context": null,
              "code": "// cy.visit('https://www.lambdatest.com/selenium-playground/');",
              "err": {},
              "uuid": "2612bcad-7872-4958-b497-410b4067526b",
              "parentUUID": "dc10cac0-c465-4829-93f8-808c2552f9eb",
              "isHook": false,
              "skipped": false
            },
            {
              "title": "2",
              "fullTitle": "hooks test suite 2",
              "timedOut": null,
              "duration": 329,
              "state": "passed",
              "speed": "fast",
              "pass": true,
              "fail": false,
              "pending": false,
              "context": null,
              "code": "// cy.visit('https://www.lambdatest.com/selenium-playground/');",
              "err": {},
              "uuid": "31b74856-c28c-41ae-b28e-224357a6b12a",
              "parentUUID": "dc10cac0-c465-4829-93f8-808c2552f9eb",
              "isHook": false,
              "skipped": false
            },
            {
              "title": "3",
              "fullTitle": "hooks test suite 3",
              "timedOut": null,
              "duration": 177,
              "state": "passed",
              "speed": "fast",
              "pass": true,
              "fail": false,
              "pending": false,
              "context": null,
              "code": "// cy.visit('https://www.lambdatest.com/selenium-playground/');",
              "err": {},
              "uuid": "fdc9d5dd-8dba-474a-888a-9444aee9d2ab",
              "parentUUID": "dc10cac0-c465-4829-93f8-808c2552f9eb",
              "isHook": false,
              "skipped": false
            },
            {
              "title": "4",
              "fullTitle": "hooks test suite 4",
              "timedOut": null,
              "duration": 145,
              "state": "passed",
              "speed": "fast",
              "pass": true,
              "fail": false,
              "pending": false,
              "context": null,
              "code": "// cy.visit('https://www.lambdatest.com/selenium-playground/');",
              "err": {},
              "uuid": "ff3ee2fa-3c7b-4c8c-a2fb-5a0888979a36",
              "parentUUID": "dc10cac0-c465-4829-93f8-808c2552f9eb",
              "isHook": false,
              "skipped": false
            },
            {
              "title": "5",
              "fullTitle": "hooks test suite 5",
              "timedOut": null,
              "duration": 206,
              "state": "passed",
              "speed": "fast",
              "pass": true,
              "fail": false,
              "pending": false,
              "context": null,
              "code": "// cy.visit('https://www.lambdatest.com/selenium-playground/');",
              "err": {},
              "uuid": "3907b810-5245-4602-8a1e-b44268671b00",
              "parentUUID": "dc10cac0-c465-4829-93f8-808c2552f9eb",
              "isHook": false,
              "skipped": false
            },
            {
              "title": "6",
              "fullTitle": "hooks test suite 6",
              "timedOut": null,
              "duration": 182,
              "state": "passed",
              "speed": "fast",
              "pass": true,
              "fail": false,
              "pending": false,
              "context": null,
              "code": "// cy.visit('https://www.lambdatest.com/selenium-playground/');",
              "err": {},
              "uuid": "3b482b2e-9e81-4ece-a92b-dd4684d598a2",
              "parentUUID": "dc10cac0-c465-4829-93f8-808c2552f9eb",
              "isHook": false,
              "skipped": false
            }
          ],
          "suites": [],
          "passes": [
            "2612bcad-7872-4958-b497-410b4067526b",
            "31b74856-c28c-41ae-b28e-224357a6b12a",
            "fdc9d5dd-8dba-474a-888a-9444aee9d2ab",
            "ff3ee2fa-3c7b-4c8c-a2fb-5a0888979a36",
            "3907b810-5245-4602-8a1e-b44268671b00",
            "3b482b2e-9e81-4ece-a92b-dd4684d598a2"
          ],
          "failures": [],
          "pending": [],
          "skipped": [],
          "duration": 1707,
          "root": false,
          "rootEmpty": false,
          "_timeout": 2000
        },
        {
          "uuid": "376cb47a-5273-47c0-9730-4c3f8c592a1a",
          "title": "file-upload test suite",
          "fullFile": "",
          "file": "",
          "beforeHooks": [],
          "afterHooks": [],
          "tests": [
            {
              "title": "file-upload test cases",
              "fullTitle": "file-upload test suite file-upload test cases",
              "timedOut": null,
              "duration": 2435,
              "state": "passed",
              "speed": "fast",
              "pass": true,
              "fail": false,
              "pending": false,
              "context": null,
              "code": "cy.visit('https://www.lambdatest.com/selenium-playground/upload-file-demo');\n// Two ways are there to upload file in cpyress i.e. selectFile() from cypress and attachFile() from npmjs\n// cy.get('#file').selectFile(Cypress.config('fileServerFolder')+ '/cypress/fixtures/upload-download.xlsx');\ncy.log(Cypress.config('fileServerFolder'));\ncy.get('#file').attachFile('upload-download.xlsx');",
              "err": {},
              "uuid": "3a63b50a-9135-46be-bef9-b38869db26c3",
              "parentUUID": "376cb47a-5273-47c0-9730-4c3f8c592a1a",
              "isHook": false,
              "skipped": false
            },
            {
              "title": "drag-drop test case",
              "fullTitle": "file-upload test suite drag-drop test case",
              "timedOut": null,
              "duration": 2242,
              "state": "passed",
              "speed": "fast",
              "pass": true,
              "fail": false,
              "pending": false,
              "context": null,
              "code": "cy.visit('https://www.lambdatest.com/selenium-playground/drag-and-drop-demo');\ncy.get('#droppable').attachFile('users.json', {\n  subjectType: 'drag-n-drop'\n});",
              "err": {},
              "uuid": "126acdf0-99df-4447-a965-e94148a78e1b",
              "parentUUID": "376cb47a-5273-47c0-9730-4c3f8c592a1a",
              "isHook": false,
              "skipped": false
            },
            {
              "title": "drag-drop test case 2",
              "fullTitle": "file-upload test suite drag-drop test case 2",
              "timedOut": null,
              "duration": 12008,
              "state": "passed",
              "speed": "slow",
              "pass": true,
              "fail": false,
              "pending": false,
              "context": null,
              "code": "cy.visit('https://codyhouse.co/ds/components/app/drag-drop-file');\ncy.wait(10000);\n// cy.get('#upload-file').attachFile('users.json', { subjectType: 'drag-n-drop' });",
              "err": {},
              "uuid": "a53a3c1e-4a85-471d-b779-0a5014a7dbd5",
              "parentUUID": "376cb47a-5273-47c0-9730-4c3f8c592a1a",
              "isHook": false,
              "skipped": false
            }
          ],
          "suites": [],
          "passes": [
            "3a63b50a-9135-46be-bef9-b38869db26c3",
            "126acdf0-99df-4447-a965-e94148a78e1b",
            "a53a3c1e-4a85-471d-b779-0a5014a7dbd5"
          ],
          "failures": [],
          "pending": [],
          "skipped": [],
          "duration": 16685,
          "root": false,
          "rootEmpty": false,
          "_timeout": 2000
        }
      ],
      "passes": [],
      "failures": [],
      "pending": [],
      "skipped": [],
      "duration": 0,
      "root": true,
      "rootEmpty": true,
      "_timeout": 2000
    }
  ],
  "meta": {
    "mocha": {
      "version": "7.0.1"
    },
    "mochawesome": {
      "options": {
        "quiet": false,
        "reportFilename": "mochawesome",
        "saveHtml": false,
        "saveJson": true,
        "consoleReporter": "spec",
        "useInlineDiffs": false,
        "code": true
      },
      "version": "7.1.3"
    },
    "marge": {
      "options": {
        "overwrite": false,
        "html": false,
        "json": true,
        "reportDir": "cypress/reports/html/.jsons"
      },
      "version": "6.2.0"
    }
  }
}