{
  "stats": {
    "suites": 1,
    "tests": 1,
    "passes": 0,
    "pending": 0,
    "failures": 1,
    "start": "2024-05-22T08:12:54.669Z",
    "end": "2024-05-22T08:13:00.636Z",
    "duration": 5967,
    "testsRegistered": 1,
    "passPercent": 0,
    "pendingPercent": 0,
    "other": 0,
    "hasOther": false,
    "skipped": 0,
    "hasSkipped": false
  },
  "results": [
    {
      "uuid": "faffe663-9aba-4242-8658-28bbf4a3514c",
      "title": "",
      "fullFile": "cypress/integration/examples/test8.js",
      "file": "cypress/integration/examples/test8.js",
      "beforeHooks": [],
      "afterHooks": [],
      "tests": [],
      "suites": [
        {
          "uuid": "53672389-d186-414d-971b-a9443f2cc9c4",
          "title": "Child Window",
          "fullFile": "",
          "file": "",
          "beforeHooks": [],
          "afterHooks": [],
          "tests": [
            {
              "title": "Child Windows Test case",
              "fullTitle": "Child Window Child Windows Test case",
              "timedOut": null,
              "duration": 1469,
              "state": "failed",
              "speed": null,
              "pass": false,
              "fail": true,
              "pending": false,
              "context": "[\n  {\n    \"title\": \"cypress-mochawesome-reporter-videos-failed\",\n    \"value\": \"cypress/integration/examples/test8.js\"\n  },\n  {\n    \"title\": \"cypress-mochawesome-reporter-screenshots\",\n    \"value\": [\n      [\n        \"/examples/test8.js/Child Window -- Child Windows Test case (failed).png\"\n      ],\n      [\n        \"/examples/test8.js/Child Window -- Child Windows Test case (failed) (attempt 2).png\"\n      ]\n    ]\n  }\n]",
              "code": "cy.viewport(1980, 1080);\ncy.visit(\"https://rahulshettyacademy.com/AutomationPractice/\");\n// cy.get('#opentab').invoke('attr','href','https://javatpoint.com').invoke('removeAttr','target').click();;\n// click on the open tab\ncy.get('#opentab').then(function (element) {\n  cy.get('#opentab').invoke('attr', 'href', 'https://www.geeksforgeeks.org/').invoke('removeAttr', 'target').click();\n  cy.origin('https://www.geeksforgeeks.org/', function () {\n    // You can write here your new domain codes\n  });\n});",
              "err": {
                "message": "Error: The following error originated from your application code, not from Cypress.\n\n  > Cannot read properties of null (reading 'children')\n\nThis error was thrown by a cross origin page. If you wish to suppress this error you will have to use the cy.origin command to handle the error prior to visiting the page.\n\n`cy.origin('https://www.geeksforgeeks.org', () => {`\n`  cy.on('uncaught:exception', (e) => {`\n`    if (e.message.includes('Things went bad')) {`\n`      // we expected this error, so let's ignore it`\n`      // and let the test continue`\n`      return false`\n`    }`\n`  })`\n`})`\n`cy.visit('https://www.geeksforgeeks.org/')`\n\nWhen Cypress detects uncaught errors originating from your application it will automatically fail the current test.\n\nThis behavior is configurable, and you can choose to turn this off by listening to the `uncaught:exception` event.\n\nhttps://on.cypress.io/uncaught-exception-from-application\n\nhttps://on.cypress.io/origin",
                "estack": "Error: The following error originated from your application code, not from Cypress.\n\n  > Cannot read properties of null (reading 'children')\n\nThis error was thrown by a cross origin page. If you wish to suppress this error you will have to use the cy.origin command to handle the error prior to visiting the page.\n\n`cy.origin('https://www.geeksforgeeks.org', () => {`\n`  cy.on('uncaught:exception', (e) => {`\n`    if (e.message.includes('Things went bad')) {`\n`      // we expected this error, so let's ignore it`\n`      // and let the test continue`\n`      return false`\n`    }`\n`  })`\n`})`\n`cy.visit('https://www.geeksforgeeks.org/')`\n\nWhen Cypress detects uncaught errors originating from your application it will automatically fail the current test.\n\nThis behavior is configurable, and you can choose to turn this off by listening to the `uncaught:exception` event.\n\nhttps://on.cypress.io/uncaught-exception-from-application\n\nhttps://on.cypress.io/origin\n    at cypressErr (https://rahulshettyacademy.com/__cypress/runner/cypress_runner.js:75257:18)\n    at Object.errByPath (https://rahulshettyacademy.com/__cypress/runner/cypress_runner.js:75312:10)\n    at PrimaryOriginCommunicator.<anonymous> (https://rahulshettyacademy.com/__cypress/runner/cypress_runner.js:169750:72)\n    at PrimaryOriginCommunicator.emit (https://rahulshettyacademy.com/__cypress/runner/cypress_runner.js:146549:5)\n    at PrimaryOriginCommunicator.onMessage (https://rahulshettyacademy.com/__cypress/runner/cypress_runner.js:169070:12)\n    at crossOriginOnMessageRef (https://rahulshettyacademy.com/__/assets/index-f6dca216.js:146352:72)",
                "diff": null
              },
              "uuid": "7f0ab7d1-a17a-4e1e-9c33-b6f78b42f1eb",
              "parentUUID": "53672389-d186-414d-971b-a9443f2cc9c4",
              "isHook": false,
              "skipped": false
            }
          ],
          "suites": [],
          "passes": [],
          "failures": [
            "7f0ab7d1-a17a-4e1e-9c33-b6f78b42f1eb"
          ],
          "pending": [],
          "skipped": [],
          "duration": 1469,
          "root": false,
          "rootEmpty": false,
          "_timeout": 2000
        }
      ],
      "passes": [],
      "failures": [],
      "pending": [],
      "skipped": [],
      "duration": 0,
      "root": true,
      "rootEmpty": true,
      "_timeout": 2000
    }
  ],
  "meta": {
    "mocha": {
      "version": "7.0.1"
    },
    "mochawesome": {
      "options": {
        "quiet": false,
        "reportFilename": "mochawesome",
        "saveHtml": false,
        "saveJson": true,
        "consoleReporter": "spec",
        "useInlineDiffs": false,
        "code": true
      },
      "version": "7.1.3"
    },
    "marge": {
      "options": {
        "overwrite": false,
        "html": false,
        "json": true,
        "reportDir": "cypress/reports/html/.jsons"
      },
      "version": "6.2.0"
    }
  }
}