{
  "stats": {
    "suites": 1,
    "tests": 1,
    "passes": 1,
    "pending": 0,
    "failures": 0,
    "start": "2024-05-22T08:11:26.887Z",
    "end": "2024-05-22T08:11:29.043Z",
    "duration": 2156,
    "testsRegistered": 1,
    "passPercent": 100,
    "pendingPercent": 0,
    "other": 0,
    "hasOther": false,
    "skipped": 0,
    "hasSkipped": false
  },
  "results": [
    {
      "uuid": "3cf97eec-70e8-48c7-995c-f5aa134b7131",
      "title": "",
      "fullFile": "cypress/integration/examples/fakeTest2 copy.js",
      "file": "cypress/integration/examples/fakeTest2 copy.js",
      "beforeHooks": [],
      "afterHooks": [],
      "tests": [],
      "suites": [
        {
          "uuid": "c8ebb1a6-ab98-4924-985b-af87ee8c99e4",
          "title": "My First Test Suite",
          "fullFile": "",
          "file": "",
          "beforeHooks": [],
          "afterHooks": [],
          "tests": [
            {
              "title": "My FirstTest case",
              "fullTitle": "My First Test Suite My FirstTest case",
              "timedOut": null,
              "duration": 439,
              "state": "passed",
              "speed": "fast",
              "pass": true,
              "fail": false,
              "pending": false,
              "context": "{\n  \"title\": \"cypress-mochawesome-reporter-videos-passed\",\n  \"value\": \"cypress/integration/examples/fakeTest2 copy.js\"\n}",
              "code": "cy.visit(\"https://rahulshettyacademy.com/angularAppdemo/\");\ncy.intercept('GET', 'https://rahulshettyacademy.com/Library/GetBook.php?AuthorName=shetty', function (req) {\n  req.url = \"https://rahulshettyacademy.com/Library/GetBook.php?AuthorName=malhotra\";\n  req[\"continue\"](function (res) {\n    // expect(res.statusCode).to.equal(403)\n  });\n}).as(\"dummyUrl\");\ncy.get(\"button[class='btn btn-primary']\").click();\ncy.wait('@dummyUrl');",
              "err": {},
              "uuid": "35433136-a6a3-400f-9f85-ee8230ed25ce",
              "parentUUID": "c8ebb1a6-ab98-4924-985b-af87ee8c99e4",
              "isHook": false,
              "skipped": false
            }
          ],
          "suites": [],
          "passes": [
            "35433136-a6a3-400f-9f85-ee8230ed25ce"
          ],
          "failures": [],
          "pending": [],
          "skipped": [],
          "duration": 439,
          "root": false,
          "rootEmpty": false,
          "_timeout": 2000
        }
      ],
      "passes": [],
      "failures": [],
      "pending": [],
      "skipped": [],
      "duration": 0,
      "root": true,
      "rootEmpty": true,
      "_timeout": 2000
    }
  ],
  "meta": {
    "mocha": {
      "version": "7.0.1"
    },
    "mochawesome": {
      "options": {
        "quiet": false,
        "reportFilename": "mochawesome",
        "saveHtml": false,
        "saveJson": true,
        "consoleReporter": "spec",
        "useInlineDiffs": false,
        "code": true
      },
      "version": "7.1.3"
    },
    "marge": {
      "options": {
        "overwrite": false,
        "html": false,
        "json": true,
        "reportDir": "cypress/reports/html/.jsons"
      },
      "version": "6.2.0"
    }
  }
}