{
  "stats": {
    "suites": 1,
    "tests": 1,
    "passes": 1,
    "pending": 0,
    "failures": 0,
    "start": "2024-05-22T08:03:48.021Z",
    "end": "2024-05-22T08:03:49.681Z",
    "duration": 1660,
    "testsRegistered": 1,
    "passPercent": 100,
    "pendingPercent": 0,
    "other": 0,
    "hasOther": false,
    "skipped": 0,
    "hasSkipped": false
  },
  "results": [
    {
      "uuid": "3b0fe538-5485-47ac-9aa0-259656cb1f0c",
      "title": "",
      "fullFile": "cypress/integration/CypressByRahil/test3.js",
      "file": "cypress/integration/CypressByRahil/test3.js",
      "beforeHooks": [],
      "afterHooks": [],
      "tests": [],
      "suites": [
        {
          "uuid": "31aabdee-496e-4411-813d-21e444a4edc1",
          "title": "scrollintoview, scrollto",
          "fullFile": "",
          "file": "",
          "beforeHooks": [],
          "afterHooks": [],
          "tests": [
            {
              "title": "test cases",
              "fullTitle": "scrollintoview, scrollto test cases",
              "timedOut": null,
              "duration": 1618,
              "state": "passed",
              "speed": "fast",
              "pass": true,
              "fail": false,
              "pending": false,
              "context": null,
              "code": "// cy.get('#box').click();\ncy.get('#box').dblclick(); // If you want double click on any particular element then you can use this\ncy.log(cy.url());",
              "err": {},
              "uuid": "596bbdfd-07a8-409b-8bcb-1cd6bf9a18ab",
              "parentUUID": "31aabdee-496e-4411-813d-21e444a4edc1",
              "isHook": false,
              "skipped": false
            }
          ],
          "suites": [],
          "passes": [
            "596bbdfd-07a8-409b-8bcb-1cd6bf9a18ab"
          ],
          "failures": [],
          "pending": [],
          "skipped": [],
          "duration": 1618,
          "root": false,
          "rootEmpty": false,
          "_timeout": 2000
        }
      ],
      "passes": [],
      "failures": [],
      "pending": [],
      "skipped": [],
      "duration": 0,
      "root": true,
      "rootEmpty": true,
      "_timeout": 2000
    }
  ],
  "meta": {
    "mocha": {
      "version": "7.0.1"
    },
    "mochawesome": {
      "options": {
        "quiet": false,
        "reportFilename": "mochawesome",
        "saveHtml": false,
        "saveJson": true,
        "consoleReporter": "spec",
        "useInlineDiffs": false,
        "code": true
      },
      "version": "7.1.3"
    },
    "marge": {
      "options": {
        "overwrite": false,
        "html": false,
        "json": true,
        "reportDir": "cypress/reports/html/.jsons"
      },
      "version": "6.2.0"
    }
  }
}