{
  "stats": {
    "suites": 1,
    "tests": 1,
    "passes": 1,
    "pending": 0,
    "failures": 0,
    "start": "2024-05-22T07:07:05.442Z",
    "end": "2024-05-22T07:07:10.914Z",
    "duration": 5472,
    "testsRegistered": 1,
    "passPercent": 100,
    "pendingPercent": 0,
    "other": 0,
    "hasOther": false,
    "skipped": 0,
    "hasSkipped": false
  },
  "results": [
    {
      "uuid": "4b33d6b7-a9a6-4535-b965-8a2e460d31f8",
      "title": "",
      "fullFile": "cypress/integration/GreenKart/test1.js",
      "file": "cypress/integration/GreenKart/test1.js",
      "beforeHooks": [],
      "afterHooks": [],
      "tests": [],
      "suites": [
        {
          "uuid": "53ad4120-ab65-4cde-9e61-ce7b4288c240",
          "title": "Green Cart",
          "fullFile": "",
          "file": "",
          "beforeHooks": [],
          "afterHooks": [],
          "tests": [
            {
              "title": "Visit Green Cart",
              "fullTitle": "Green Cart Visit Green Cart",
              "timedOut": null,
              "duration": 4030,
              "state": "passed",
              "speed": "fast",
              "pass": true,
              "fail": false,
              "pending": false,
              "context": null,
              "code": "cy.viewport(1920, 1080);\ncy.visit(\"https://rahulshettyacademy.com/seleniumPractise/#/\");\ncy.get('.search-keyword').type('ca');\ncy.wait(3000);\n// assertions method\n// cy.get('.product').should('have.length',4);\ncy.get('.product:visible').should('have.length', 4);\n// console.log(\"HI\");\n// cy.log('hgj')\n// Parent-Child chaining\ncy.get('.products').find('.product').should('have.length', 4);\n// // How to click in cypress\n// cy.get('.products').find('.product').eq(1).contains('ADD TO CART').click();\n// cy.get('.products').find('.product').eq(2).contains('+').click();\n// cy.get('.products').find('.product').eq(2).contains('ADD TO CART').click();\n// // cy.get('.products > :nth-child(4)').contains('ADD TO CART').click(); // clicking by using cyrpess inspect tool\n// const numOfClicks = 5;\n// // Method 1 : For multiple Clicks\n// for (let i = 0; i < numOfClicks; i++) {\n//     cy.get(':nth-child(4) > .stepper-input > .increment').click();\n// }\n// // Method 2 : Define a custom Cypress command to perform multiple clicks\n// Cypress.Commands.add('multiClick', { prevSubject: true }, (subject, numClicks) => {\n//     for (let i = 0; i < numClicks; i++) {\n//         cy.wrap(subject).click();\n//     }\n// });\n// // Using cusotmized created command : \"multiClick(5)\"\n// cy.get(':nth-child(4) > .stepper-input > .increment').multiClick(5);\n// cy.get(':nth-child(4) > .product-action > button').click(); // directly clicking on ADD TO CART button using cypress inspect tool\n// How to click by based on product name\n// How to iterate through each element\ncy.get('.products').as('productLocator');\ncy.get('@productLocator').find('.product').each(function ($el, index, $list) {\n  var textVeg = $el.find('h4.product-name').text();\n  if (textVeg.includes('Cashews')) {\n    cy.wrap($el).find('button').click();\n  }\n});\n// Assertions\ncy.get('.brand').should('have.text', 'GREENKART');\n// You have to handle promises by your own when you are using any non-cypress command like text();\ncy.get('.brand').then(function (logoElement) {\n  cy.log(logoElement.text());\n});",
              "err": {},
              "uuid": "a7442017-c510-41e6-bb2c-fd4f6fa10834",
              "parentUUID": "53ad4120-ab65-4cde-9e61-ce7b4288c240",
              "isHook": false,
              "skipped": false
            }
          ],
          "suites": [],
          "passes": [
            "a7442017-c510-41e6-bb2c-fd4f6fa10834"
          ],
          "failures": [],
          "pending": [],
          "skipped": [],
          "duration": 4030,
          "root": false,
          "rootEmpty": false,
          "_timeout": 2000
        }
      ],
      "passes": [],
      "failures": [],
      "pending": [],
      "skipped": [],
      "duration": 0,
      "root": true,
      "rootEmpty": true,
      "_timeout": 2000
    }
  ],
  "meta": {
    "mocha": {
      "version": "7.0.1"
    },
    "mochawesome": {
      "options": {
        "quiet": false,
        "reportFilename": "mochawesome",
        "saveHtml": false,
        "saveJson": true,
        "consoleReporter": "spec",
        "useInlineDiffs": false,
        "code": true
      },
      "version": "7.1.3"
    },
    "marge": {
      "options": {
        "overwrite": false,
        "html": false,
        "json": true,
        "reportDir": "cypress/reports/html/.jsons"
      },
      "version": "6.2.0"
    }
  }
}