{
  "stats": {
    "suites": 1,
    "tests": 1,
    "passes": 1,
    "pending": 0,
    "failures": 0,
    "start": "2024-05-22T08:13:16.090Z",
    "end": "2024-05-22T08:13:19.992Z",
    "duration": 3902,
    "testsRegistered": 1,
    "passPercent": 100,
    "pendingPercent": 0,
    "other": 0,
    "hasOther": false,
    "skipped": 0,
    "hasSkipped": false
  },
  "results": [
    {
      "uuid": "622ea480-5eab-4317-949a-cb4d1347034e",
      "title": "",
      "fullFile": "cypress/integration/examples/upload-download.js",
      "file": "cypress/integration/examples/upload-download.js",
      "beforeHooks": [],
      "afterHooks": [],
      "tests": [],
      "suites": [
        {
          "uuid": "0d753701-2952-4585-9ae4-c2e392adf334",
          "title": "upload-download test suite",
          "fullFile": "",
          "file": "",
          "beforeHooks": [],
          "afterHooks": [],
          "tests": [
            {
              "title": "verify excel upload-download",
              "fullTitle": "upload-download test suite verify excel upload-download",
              "timedOut": null,
              "duration": 2299,
              "state": "passed",
              "speed": "fast",
              "pass": true,
              "fail": false,
              "pending": false,
              "context": "{\n  \"title\": \"cypress-mochawesome-reporter-videos-passed\",\n  \"value\": \"cypress/integration/examples/upload-download.js\"\n}",
              "code": "var replaceText = 399;\ncy.visit('https://rahulshettyacademy.com/upload-download-test/index.html');\ncy.get('#downloadButton').click();\nvar path = Cypress.config(\"fileServerFolder\") + '/cypress/downloads/download.xlsx';\ncy.task('writeExcel', {\n  searchText: \"Apple\",\n  setValue: replaceText,\n  change: {\n    rowChange: 0,\n    colChange: 2\n  },\n  filePath: path\n});\ncy.get('#fileinput').selectFile(path);\ncy.contains('Apple').parent().parent().find('#cell-4-undefined').should('have.text', replaceText);",
              "err": {},
              "uuid": "9b3cd679-5da8-4f84-b63b-74d0efa422d7",
              "parentUUID": "0d753701-2952-4585-9ae4-c2e392adf334",
              "isHook": false,
              "skipped": false
            }
          ],
          "suites": [],
          "passes": [
            "9b3cd679-5da8-4f84-b63b-74d0efa422d7"
          ],
          "failures": [],
          "pending": [],
          "skipped": [],
          "duration": 2299,
          "root": false,
          "rootEmpty": false,
          "_timeout": 2000
        }
      ],
      "passes": [],
      "failures": [],
      "pending": [],
      "skipped": [],
      "duration": 0,
      "root": true,
      "rootEmpty": true,
      "_timeout": 2000
    }
  ],
  "meta": {
    "mocha": {
      "version": "7.0.1"
    },
    "mochawesome": {
      "options": {
        "quiet": false,
        "reportFilename": "mochawesome",
        "saveHtml": false,
        "saveJson": true,
        "consoleReporter": "spec",
        "useInlineDiffs": false,
        "code": true
      },
      "version": "7.1.3"
    },
    "marge": {
      "options": {
        "overwrite": false,
        "html": false,
        "json": true,
        "reportDir": "cypress/reports/html/.jsons"
      },
      "version": "6.2.0"
    }
  }
}