{
  "stats": {
    "suites": 1,
    "tests": 1,
    "passes": 1,
    "pending": 0,
    "failures": 0,
    "start": "2024-05-22T08:05:27.640Z",
    "end": "2024-05-22T08:05:33.701Z",
    "duration": 6061,
    "testsRegistered": 1,
    "passPercent": 100,
    "pendingPercent": 0,
    "other": 0,
    "hasOther": false,
    "skipped": 0,
    "hasSkipped": false
  },
  "results": [
    {
      "uuid": "4c3aec95-dce8-4a6d-b706-9332bbd9bc27",
      "title": "",
      "fullFile": "cypress/integration/examples/test2.js",
      "file": "cypress/integration/examples/test2.js",
      "beforeHooks": [],
      "afterHooks": [],
      "tests": [],
      "suites": [
        {
          "uuid": "80d3b89a-a7bc-49ea-9129-a70faf2304d3",
          "title": "Green Cart",
          "fullFile": "",
          "file": "",
          "beforeHooks": [],
          "afterHooks": [],
          "tests": [
            {
              "title": "Visit Green Cart",
              "fullTitle": "Green Cart Visit Green Cart",
              "timedOut": null,
              "duration": 4752,
              "state": "passed",
              "speed": "fast",
              "pass": true,
              "fail": false,
              "pending": false,
              "context": null,
              "code": "cy.viewport(1920, 1080);\ncy.visit(\"https://rahulshettyacademy.com/seleniumPractise/#/\");\ncy.get('.search-keyword').type('ca');\ncy.wait(3000);\n// Step 1 : click on ADD TO CART\ncy.get('.products').as('productLocator');\ncy.get('@productLocator').find('.product').each(function ($el, index, $list) {\n  var textVeg = $el.find('h4.product-name').text();\n  if (textVeg.includes('Cashews')) {\n    cy.wrap($el).find('button').click();\n  }\n});\n// Step 2 : Click on Cart Icon\ncy.get('.cart-icon > img').click();\n// Step 3 : Click on Proceed to Checkout Button\n// cy.get('.cart-preview > .action-block > button').click();\ncy.contains('PROCEED TO CHECKOUT').click();\n// Step 4 : Click on Place Order\n// cy.get('[style=\"text-align: right; width: 100%; margin-top: 20px; margin-right: 10px;\"] > :nth-child(14)').click();\ncy.contains('Place Order').click();\n// Assertions\ncy.get('.brand').should('have.text', 'GREENKART');\n// You have to handle promises by your own when you are using any non-cypress command like text();\ncy.get('.brand').then(function (logoElement) {\n  cy.log(logoElement.text());\n});",
              "err": {},
              "uuid": "bece4a09-18c8-4b2d-8abc-fc425d41ce3b",
              "parentUUID": "80d3b89a-a7bc-49ea-9129-a70faf2304d3",
              "isHook": false,
              "skipped": false
            }
          ],
          "suites": [],
          "passes": [
            "bece4a09-18c8-4b2d-8abc-fc425d41ce3b"
          ],
          "failures": [],
          "pending": [],
          "skipped": [],
          "duration": 4752,
          "root": false,
          "rootEmpty": false,
          "_timeout": 2000
        }
      ],
      "passes": [],
      "failures": [],
      "pending": [],
      "skipped": [],
      "duration": 0,
      "root": true,
      "rootEmpty": true,
      "_timeout": 2000
    }
  ],
  "meta": {
    "mocha": {
      "version": "7.0.1"
    },
    "mochawesome": {
      "options": {
        "quiet": false,
        "reportFilename": "mochawesome",
        "saveHtml": false,
        "saveJson": true,
        "consoleReporter": "spec",
        "useInlineDiffs": false,
        "code": true
      },
      "version": "7.1.3"
    },
    "marge": {
      "options": {
        "overwrite": false,
        "html": false,
        "json": true,
        "reportDir": "cypress/reports/html/.jsons"
      },
      "version": "6.2.0"
    }
  }
}