{
  "stats": {
    "suites": 1,
    "tests": 2,
    "passes": 2,
    "pending": 0,
    "failures": 0,
    "start": "2024-05-22T08:29:14.508Z",
    "end": "2024-05-22T08:29:17.207Z",
    "duration": 2699,
    "testsRegistered": 2,
    "passPercent": 100,
    "pendingPercent": 0,
    "other": 0,
    "hasOther": false,
    "skipped": 0,
    "hasSkipped": false
  },
  "results": [
    {
      "uuid": "a5d1b2cd-b3c5-46b1-8ac6-efa99a7c99ef",
      "title": "",
      "fullFile": "cypress/integration/CypressByRahil/test5.js",
      "file": "cypress/integration/CypressByRahil/test5.js",
      "beforeHooks": [],
      "afterHooks": [],
      "tests": [],
      "suites": [
        {
          "uuid": "9216b378-b7f7-4664-89a2-a375ebc5f81c",
          "title": "env & baseUrl test suite",
          "fullFile": "",
          "file": "",
          "beforeHooks": [],
          "afterHooks": [],
          "tests": [
            {
              "title": "env test case",
              "fullTitle": "env & baseUrl test suite env test case",
              "timedOut": null,
              "duration": 305,
              "state": "passed",
              "speed": "fast",
              "pass": true,
              "fail": false,
              "pending": false,
              "context": "{\n  \"title\": \"cypress-mochawesome-reporter-screenshots\",\n  \"value\": [\n    [\n      \"/test5.js/env & baseUrl test suite -- env test case.png\"\n    ]\n  ]\n}",
              "code": "cy.log(Cypress.env('url'));\ncy.screenshot(); // to take screenshots",
              "err": {},
              "uuid": "dcf6c0af-51f8-455c-aeaa-1d44360f64ab",
              "parentUUID": "9216b378-b7f7-4664-89a2-a375ebc5f81c",
              "isHook": false,
              "skipped": false
            },
            {
              "title": "baseUrl test case",
              "fullTitle": "env & baseUrl test suite baseUrl test case",
              "timedOut": null,
              "duration": 2284,
              "state": "passed",
              "speed": "fast",
              "pass": true,
              "fail": false,
              "pending": false,
              "context": null,
              "code": "cy.visit('/selenium-playground/');",
              "err": {},
              "uuid": "de2f9b61-0050-41cd-b431-9a885f4776f7",
              "parentUUID": "9216b378-b7f7-4664-89a2-a375ebc5f81c",
              "isHook": false,
              "skipped": false
            }
          ],
          "suites": [],
          "passes": [
            "dcf6c0af-51f8-455c-aeaa-1d44360f64ab",
            "de2f9b61-0050-41cd-b431-9a885f4776f7"
          ],
          "failures": [],
          "pending": [],
          "skipped": [],
          "duration": 2589,
          "root": false,
          "rootEmpty": false,
          "_timeout": 2000
        }
      ],
      "passes": [],
      "failures": [],
      "pending": [],
      "skipped": [],
      "duration": 0,
      "root": true,
      "rootEmpty": true,
      "_timeout": 2000
    }
  ],
  "meta": {
    "mocha": {
      "version": "7.0.1"
    },
    "mochawesome": {
      "options": {
        "quiet": false,
        "reportFilename": "mochawesome",
        "saveHtml": false,
        "saveJson": true,
        "consoleReporter": "spec",
        "useInlineDiffs": false,
        "code": true
      },
      "version": "7.1.3"
    },
    "marge": {
      "options": {
        "overwrite": false,
        "html": false,
        "json": true,
        "reportDir": "cypress/reports/html/.jsons"
      },
      "version": "6.2.0"
    }
  }
}