{
  "stats": {
    "suites": 1,
    "tests": 2,
    "passes": 2,
    "pending": 0,
    "failures": 0,
    "start": "2024-05-22T08:04:13.820Z",
    "end": "2024-05-22T08:04:14.411Z",
    "duration": 591,
    "testsRegistered": 2,
    "passPercent": 100,
    "pendingPercent": 0,
    "other": 0,
    "hasOther": false,
    "skipped": 0,
    "hasSkipped": false
  },
  "results": [
    {
      "uuid": "48a61b20-fee5-4195-bd92-c0edd5ce9b32",
      "title": "",
      "fullFile": "cypress/integration/CypressByRahil/test5.js",
      "file": "cypress/integration/CypressByRahil/test5.js",
      "beforeHooks": [],
      "afterHooks": [],
      "tests": [],
      "suites": [
        {
          "uuid": "ddc06cbb-627e-454e-b105-433b531fcb0e",
          "title": "env & baseUrl test suite",
          "fullFile": "",
          "file": "",
          "beforeHooks": [],
          "afterHooks": [],
          "tests": [
            {
              "title": "env test case",
              "fullTitle": "env & baseUrl test suite env test case",
              "timedOut": null,
              "duration": 53,
              "state": "passed",
              "speed": "fast",
              "pass": true,
              "fail": false,
              "pending": false,
              "context": null,
              "code": "cy.log(Cypress.env('url'));",
              "err": {},
              "uuid": "8caea3ad-b9e9-4a05-b5b0-1f59f3ceea09",
              "parentUUID": "ddc06cbb-627e-454e-b105-433b531fcb0e",
              "isHook": false,
              "skipped": false
            },
            {
              "title": "baseUrl test case",
              "fullTitle": "env & baseUrl test suite baseUrl test case",
              "timedOut": null,
              "duration": 468,
              "state": "passed",
              "speed": "fast",
              "pass": true,
              "fail": false,
              "pending": false,
              "context": null,
              "code": "cy.visit('/selenium-playground/');",
              "err": {},
              "uuid": "5ca2f9a5-0ac4-4a65-9f4d-9efa3a4349d9",
              "parentUUID": "ddc06cbb-627e-454e-b105-433b531fcb0e",
              "isHook": false,
              "skipped": false
            }
          ],
          "suites": [],
          "passes": [
            "8caea3ad-b9e9-4a05-b5b0-1f59f3ceea09",
            "5ca2f9a5-0ac4-4a65-9f4d-9efa3a4349d9"
          ],
          "failures": [],
          "pending": [],
          "skipped": [],
          "duration": 521,
          "root": false,
          "rootEmpty": false,
          "_timeout": 2000
        }
      ],
      "passes": [],
      "failures": [],
      "pending": [],
      "skipped": [],
      "duration": 0,
      "root": true,
      "rootEmpty": true,
      "_timeout": 2000
    }
  ],
  "meta": {
    "mocha": {
      "version": "7.0.1"
    },
    "mochawesome": {
      "options": {
        "quiet": false,
        "reportFilename": "mochawesome",
        "saveHtml": false,
        "saveJson": true,
        "consoleReporter": "spec",
        "useInlineDiffs": false,
        "code": true
      },
      "version": "7.1.3"
    },
    "marge": {
      "options": {
        "overwrite": false,
        "html": false,
        "json": true,
        "reportDir": "cypress/reports/html/.jsons"
      },
      "version": "6.2.0"
    }
  }
}