{
  "stats": {
    "suites": 1,
    "tests": 1,
    "passes": 1,
    "pending": 0,
    "failures": 0,
    "start": "2024-05-23T06:25:57.919Z",
    "end": "2024-05-23T06:26:01.164Z",
    "duration": 3245,
    "testsRegistered": 1,
    "passPercent": 100,
    "pendingPercent": 0,
    "other": 0,
    "hasOther": false,
    "skipped": 0,
    "hasSkipped": false
  },
  "results": [
    {
      "uuid": "8aade694-b015-49e7-bed3-48f357804721",
      "title": "",
      "fullFile": "cypress/integration/CypressByRahil/test6.js",
      "file": "cypress/integration/CypressByRahil/test6.js",
      "beforeHooks": [],
      "afterHooks": [],
      "tests": [],
      "suites": [
        {
          "uuid": "5423cadc-1177-469f-ae50-b5869db7cceb",
          "title": "popups & alerts test suite",
          "fullFile": "",
          "file": "",
          "beforeHooks": [],
          "afterHooks": [],
          "tests": [
            {
              "title": "popups and alerts test case",
              "fullTitle": "popups & alerts test suite popups and alerts test case",
              "timedOut": null,
              "duration": 847,
              "state": "passed",
              "speed": "fast",
              "pass": true,
              "fail": false,
              "pending": false,
              "context": null,
              "code": "// this is how we handle uncaught:exception\ncy.on('uncaught:exception', function () {\n  return false;\n});\ncy.visit('https://testpages.herokuapp.com/styled/alerts/alert-test.html');\ncy.get('#alertexamples').click();\ncy.on('window:alert', function (res) {\n  expect(res).to.contains('I am an alert box');\n});\ncy.get('#confirmexample').click();\ncy.on('window:confirm', function (res) {\n  expect(res).to.contains('I am a confirm alert');\n});\ncy.get('#promptexample').click();",
              "err": {},
              "uuid": "f9e00bab-86e8-4f0a-a104-3d63541fb7b3",
              "parentUUID": "5423cadc-1177-469f-ae50-b5869db7cceb",
              "isHook": false,
              "skipped": false
            }
          ],
          "suites": [],
          "passes": [
            "f9e00bab-86e8-4f0a-a104-3d63541fb7b3"
          ],
          "failures": [],
          "pending": [],
          "skipped": [],
          "duration": 847,
          "root": false,
          "rootEmpty": false,
          "_timeout": 2000
        }
      ],
      "passes": [],
      "failures": [],
      "pending": [],
      "skipped": [],
      "duration": 0,
      "root": true,
      "rootEmpty": true,
      "_timeout": 2000
    }
  ],
  "meta": {
    "mocha": {
      "version": "7.0.1"
    },
    "mochawesome": {
      "options": {
        "quiet": false,
        "reportFilename": "mochawesome",
        "saveHtml": true,
        "saveJson": true,
        "consoleReporter": "spec",
        "useInlineDiffs": false,
        "code": true
      },
      "version": "7.1.3"
    },
    "marge": {
      "options": {
        "charts": true,
        "reportPageTitle": "custom-title",
        "embeddedScreenshots": true,
        "inlineAssets": true,
        "saveAllAttempts": false
      },
      "version": "6.2.0"
    }
  }
}